<?xml version="1.0" encoding="UTF-8"?>
<testng-results skipped="0" failed="0" ignored="0" total="2" passed="2">
  <reporter-output>
  </reporter-output>
  <suite name="FirstTestSuite" duration-ms="15773" started-at="2018-03-07T20:29:55Z" finished-at="2018-03-07T20:30:11Z">
    <groups>
    </groups>
    <test name="FirstTest" duration-ms="10168" started-at="2018-03-07T20:29:55Z" finished-at="2018-03-07T20:30:05Z">
      <class name="com.dice.FirstTest">
        <test-method status="PASS" signature="methodSetUp()[pri:0, instance:com.dice.FirstTest@59fa1d9b]" name="methodSetUp" is-config="true" duration-ms="4789" started-at="2018-03-07T20:29:55Z" finished-at="2018-03-07T20:30:00Z">
          <reporter-output>
          </reporter-output>
        </test-method> <!-- methodSetUp -->
        <test-method status="PASS" signature="firstTestMethod()[pri:0, instance:com.dice.FirstTest@59fa1d9b]" name="firstTestMethod" duration-ms="4686" started-at="2018-03-07T20:30:00Z" finished-at="2018-03-07T20:30:05Z">
          <reporter-output>
          </reporter-output>
        </test-method> <!-- firstTestMethod -->
        <test-method status="PASS" signature="methodTearDown()[pri:0, instance:com.dice.FirstTest@59fa1d9b]" name="methodTearDown" is-config="true" duration-ms="669" started-at="2018-03-07T20:30:05Z" finished-at="2018-03-07T20:30:05Z">
          <reporter-output>
          </reporter-output>
        </test-method> <!-- methodTearDown -->
      </class> <!-- com.dice.FirstTest -->
    </test> <!-- FirstTest -->
    <test name="SecondTest" duration-ms="5560" started-at="2018-03-07T20:30:05Z" finished-at="2018-03-07T20:30:11Z">
      <class name="com.SecondTest">
        <test-method status="PASS" signature="methodSetUp()[pri:0, instance:com.SecondTest@5442a311]" name="methodSetUp" is-config="true" duration-ms="3871" started-at="2018-03-07T20:30:05Z" finished-at="2018-03-07T20:30:09Z">
          <reporter-output>
          </reporter-output>
        </test-method> <!-- methodSetUp -->
        <test-method status="PASS" signature="secondTest()[pri:0, instance:com.SecondTest@5442a311]" name="secondTest" duration-ms="1254" started-at="2018-03-07T20:30:09Z" finished-at="2018-03-07T20:30:10Z">
          <reporter-output>
          </reporter-output>
        </test-method> <!-- secondTest -->
        <test-method status="PASS" signature="methodTearDown()[pri:0, instance:com.SecondTest@5442a311]" name="methodTearDown" is-config="true" duration-ms="431" started-at="2018-03-07T20:30:10Z" finished-at="2018-03-07T20:30:11Z">
          <reporter-output>
          </reporter-output>
        </test-method> <!-- methodTearDown -->
      </class> <!-- com.SecondTest -->
    </test> <!-- SecondTest -->
  </suite> <!-- FirstTestSuite -->
</testng-results>
